# JRE version: 7.0_09-b05
# Java VM: Java HotSpot(TM) Client VM (23.5-b02 mixed mode, sharing windows-x86 )
Heap
 def new generation   total 78656K, used 18121K [0x24260000, 0x297b0000, 0x297b0000)
  eden space 69952K,  25% used [0x24260000, 0x25412580, 0x286b0000)
  from space 8704K,   0% used [0x286b0000, 0x286b0000, 0x28f30000)
  to   space 8704K,   0% used [0x28f30000, 0x28f30000, 0x297b0000)
 tenured generation   total 174784K, used 125492K [0x297b0000, 0x34260000, 0x34260000)
   the space 174784K,  71% used [0x297b0000, 0x3123d058, 0x3123d200, 0x34260000)
 compacting perm gen  total 12288K, used 2084K [0x34260000, 0x34e60000, 0x38260000)
   the space 12288K,  16% used [0x34260000, 0x344691b0, 0x34469200, 0x34e60000)
    ro space 10240K,  42% used [0x38260000, 0x386a0348, 0x386a0400, 0x38c60000)
    rw space 12288K,  54% used [0x38c60000, 0x392e06f0, 0x392e0800, 0x39860000)
GC Heap History (10 events):
Event: 22.605 GC heap before
{Heap before GC invocations=13 (full 4):
 def new generation   total 34304K, used 34303K [0x24260000, 0x26790000, 0x297b0000)
  eden space 30528K, 100% used [0x24260000, 0x26030000, 0x26030000)
  from space 3776K,  99% used [0x263e0000, 0x2678ffe8, 0x26790000)
  to   space 3776K,   0% used [0x26030000, 0x26030000, 0x263e0000)
 tenured generation   total 76108K, used 72390K [0x297b0000, 0x2e203000, 0x34260000)
   the space 76108K,  95% used [0x297b0000, 0x2de61aa8, 0x2de61c00, 0x2e203000)
 compacting perm gen  total 12288K, used 2083K [0x34260000, 0x34e60000, 0x38260000)
   the space 12288K,  16% used [0x34260000, 0x34468d58, 0x34468e00, 0x34e60000)
    ro space 10240K,  42% used [0x38260000, 0x386a0348, 0x386a0400, 0x38c60000)
    rw space 12288K,  54% used [0x38c60000, 0x392e06f0, 0x392e0800, 0x39860000)
Event: 23.042 GC heap after
Heap after GC invocations=14 (full 5):
 def new generation   total 51328K, used 0K [0x24260000, 0x27a10000, 0x297b0000)
  eden space 45632K,   0% used [0x24260000, 0x24260000, 0x26ef0000)
  from space 5696K,   0% used [0x26ef0000, 0x26ef0000, 0x27480000)
  to   space 5696K,   0% used [0x27480000, 0x27480000, 0x27a10000)
 tenured generation   total 113992K, used 68394K [0x297b0000, 0x30702000, 0x34260000)
   the space 113992K,  59% used [0x297b0000, 0x2da7a918, 0x2da7aa00, 0x30702000)
 compacting perm gen  total 12288K, used 2083K [0x34260000, 0x34e60000, 0x38260000)
   the space 12288K,  16% used [0x34260000, 0x34468d58, 0x34468e00, 0x34e60000)
    ro space 10240K,  42% used [0x38260000, 0x386a0348, 0x386a0400, 0x38c60000)
    rw space 12288K,  54% used [0x38c60000, 0x392e06f0, 0x392e0800, 0x39860000)
}
Event: 24.535 GC heap before
{Heap before GC invocations=14 (full 5):
 def new generation   total 51328K, used 45632K [0x24260000, 0x27a10000, 0x297b0000)
  eden space 45632K, 100% used [0x24260000, 0x26ef0000, 0x26ef0000)
  from space 5696K,   0% used [0x26ef0000, 0x26ef0000, 0x27480000)
  to   space 5696K,   0% used [0x27480000, 0x27480000, 0x27a10000)
 tenured generation   total 113992K, used 68394K [0x297b0000, 0x30702000, 0x34260000)
   the space 113992K,  59% used [0x297b0000, 0x2da7a918, 0x2da7aa00, 0x30702000)
 compacting perm gen  total 12288K, used 2083K [0x34260000, 0x34e60000, 0x38260000)
   the space 12288K,  16% used [0x34260000, 0x34468d58, 0x34468e00, 0x34e60000)
    ro space 10240K,  42% used [0x38260000, 0x386a0348, 0x386a0400, 0x38c60000)
    rw space 12288K,  54% used [0x38c60000, 0x392e06f0, 0x392e0800, 0x39860000)
Event: 24.741 GC heap after
Heap after GC invocations=15 (full 5):
 def new generation   total 51328K, used 5695K [0x24260000, 0x27a10000, 0x297b0000)
  eden space 45632K,   0% used [0x24260000, 0x24260000, 0x26ef0000)
  from space 5696K,  99% used [0x27480000, 0x27a0fff8, 0x27a10000)
  to   space 5696K,   0% used [0x26ef0000, 0x26ef0000, 0x27480000)
 tenured generation   total 113992K, used 108313K [0x297b0000, 0x30702000, 0x34260000)
   the space 113992K,  95% used [0x297b0000, 0x301766b8, 0x30176800, 0x30702000)
 compacting perm gen  total 12288K, used 2083K [0x34260000, 0x34e60000, 0x38260000)
   the space 12288K,  16% used [0x34260000, 0x34468d58, 0x34468e00, 0x34e60000)
    ro space 10240K,  42% used [0x38260000, 0x386a0348, 0x386a0400, 0x38c60000)
    rw space 12288K,  54% used [0x38c60000, 0x392e06f0, 0x392e0800, 0x39860000)
}
Event: 26.483 GC heap before
{Heap before GC invocations=15 (full 5):
 def new generation   total 51328K, used 51327K [0x24260000, 0x27a10000, 0x297b0000)
  eden space 45632K, 100% used [0x24260000, 0x26ef0000, 0x26ef0000)
  from space 5696K,  99% used [0x27480000, 0x27a0fff8, 0x27a10000)
  to   space 5696K,   0% used [0x26ef0000, 0x26ef0000, 0x27480000)
 tenured generation   total 113992K, used 108313K [0x297b0000, 0x30702000, 0x34260000)
   the space 113992K,  95% used [0x297b0000, 0x301766b8, 0x30176800, 0x30702000)
 compacting perm gen  total 12288K, used 2084K [0x34260000, 0x34e60000, 0x38260000)
   the space 12288K,  16% used [0x34260000, 0x34469190, 0x34469200, 0x34e60000)
    ro space 10240K,  42% used [0x38260000, 0x386a0348, 0x386a0400, 0x38c60000)
    rw space 12288K,  54% used [0x38c60000, 0x392e06f0, 0x392e0800, 0x39860000)
Event: 27.045 GC heap after
Heap after GC invocations=16 (full 6):
 def new generation   total 70016K, used 0K [0x24260000, 0x28e50000, 0x297b0000)
  eden space 62272K,   0% used [0x24260000, 0x24260000, 0x27f30000)
  from space 7744K,   0% used [0x27f30000, 0x27f30000, 0x286c0000)
  to   space 7744K,   0% used [0x286c0000, 0x286c0000, 0x28e50000)
 tenured generation   total 155424K, used 93253K [0x297b0000, 0x32f78000, 0x34260000)
   the space 155424K,  59% used [0x297b0000, 0x2f2c1500, 0x2f2c1600, 0x32f78000)
 compacting perm gen  total 12288K, used 2084K [0x34260000, 0x34e60000, 0x38260000)
   the space 12288K,  16% used [0x34260000, 0x34469190, 0x34469200, 0x34e60000)
    ro space 10240K,  42% used [0x38260000, 0x386a0348, 0x386a0400, 0x38c60000)
    rw space 12288K,  54% used [0x38c60000, 0x392e06f0, 0x392e0800, 0x39860000)
}
Event: 29.660 GC heap before
{Heap before GC invocations=16 (full 6):
 def new generation   total 70016K, used 62272K [0x24260000, 0x28e50000, 0x297b0000)
  eden space 62272K, 100% used [0x24260000, 0x27f30000, 0x27f30000)
  from space 7744K,   0% used [0x27f30000, 0x27f30000, 0x286c0000)
  to   space 7744K,   0% used [0x286c0000, 0x286c0000, 0x28e50000)
 tenured generation   total 155424K, used 93253K [0x297b0000, 0x32f78000, 0x34260000)
   the space 155424K,  59% used [0x297b0000, 0x2f2c1500, 0x2f2c1600, 0x32f78000)
 compacting perm gen  total 12288K, used 2084K [0x34260000, 0x34e60000, 0x38260000)
   the space 12288K,  16% used [0x34260000, 0x344691b0, 0x34469200, 0x34e60000)
    ro space 10240K,  42% used [0x38260000, 0x386a0348, 0x386a0400, 0x38c60000)
    rw space 12288K,  54% used [0x38c60000, 0x392e06f0, 0x392e0800, 0x39860000)
Event: 29.887 GC heap after
Heap after GC invocations=17 (full 6):
 def new generation   total 70016K, used 7744K [0x24260000, 0x28e50000, 0x297b0000)
  eden space 62272K,   0% used [0x24260000, 0x24260000, 0x27f30000)
  from space 7744K, 100% used [0x286c0000, 0x28e50000, 0x28e50000)
  to   space 7744K,   0% used [0x27f30000, 0x27f30000, 0x286c0000)
 tenured generation   total 155424K, used 147553K [0x297b0000, 0x32f78000, 0x34260000)
   the space 155424K,  94% used [0x297b0000, 0x327c8630, 0x327c8800, 0x32f78000)
 compacting perm gen  total 12288K, used 2084K [0x34260000, 0x34e60000, 0x38260000)
   the space 12288K,  16% used [0x34260000, 0x344691b0, 0x34469200, 0x34e60000)
    ro space 10240K,  42% used [0x38260000, 0x386a0348, 0x386a0400, 0x38c60000)
    rw space 12288K,  54% used [0x38c60000, 0x392e06f0, 0x392e0800, 0x39860000)
}
Event: 31.907 GC heap before
{Heap before GC invocations=17 (full 6):
 def new generation   total 70016K, used 70016K [0x24260000, 0x28e50000, 0x297b0000)
  eden space 62272K, 100% used [0x24260000, 0x27f30000, 0x27f30000)
  from space 7744K, 100% used [0x286c0000, 0x28e50000, 0x28e50000)
  to   space 7744K,   0% used [0x27f30000, 0x27f30000, 0x286c0000)
 tenured generation   total 155424K, used 147553K [0x297b0000, 0x32f78000, 0x34260000)
   the space 155424K,  94% used [0x297b0000, 0x327c8630, 0x327c8800, 0x32f78000)
 compacting perm gen  total 12288K, used 2084K [0x34260000, 0x34e60000, 0x38260000)
   the space 12288K,  16% used [0x34260000, 0x344691b0, 0x34469200, 0x34e60000)
    ro space 10240K,  42% used [0x38260000, 0x386a0348, 0x386a0400, 0x38c60000)
    rw space 12288K,  54% used [0x38c60000, 0x392e06f0, 0x392e0800, 0x39860000)
Event: 32.463 GC heap after
Heap after GC invocations=18 (full 7):
 def new generation   total 78656K, used 0K [0x24260000, 0x297b0000, 0x297b0000)
  eden space 69952K,   0% used [0x24260000, 0x24260000, 0x286b0000)
  from space 8704K,   0% used [0x286b0000, 0x286b0000, 0x28f30000)
  to   space 8704K,   0% used [0x28f30000, 0x28f30000, 0x297b0000)
 tenured generation   total 174784K, used 125492K [0x297b0000, 0x34260000, 0x34260000)
   the space 174784K,  71% used [0x297b0000, 0x3123d058, 0x3123d200, 0x34260000)
 compacting perm gen  total 12288K, used 2084K [0x34260000, 0x34e60000, 0x38260000)
   the space 12288K,  16% used [0x34260000, 0x344691b0, 0x34469200, 0x34e60000)
    ro space 10240K,  42% used [0x38260000, 0x386a0348, 0x386a0400, 0x38c60000)
    rw space 12288K,  54% used [0x38c60000, 0x392e06f0, 0x392e0800, 0x39860000)
}

