# JRE version: 7.0_09-b05
# Java VM: Java HotSpot(TM) Client VM (23.5-b02 mixed mode, sharing windows-x86 )
Heap
 def new generation   total 12096K, used 9124K [0x24260000, 0x24f80000, 0x297b0000)
  eden space 10752K,  72% used [0x24260000, 0x249f9328, 0x24ce0000)
  from space 1344K, 100% used [0x24e30000, 0x24f80000, 0x24f80000)
  to   space 1344K,   0% used [0x24ce0000, 0x24ce0000, 0x24e30000)
 tenured generation   total 26780K, used 23478K [0x297b0000, 0x2b1d7000, 0x34260000)
   the space 26780K,  87% used [0x297b0000, 0x2ae9d890, 0x2ae9da00, 0x2b1d7000)
 compacting perm gen  total 12288K, used 2074K [0x34260000, 0x34e60000, 0x38260000)
   the space 12288K,  16% used [0x34260000, 0x34466840, 0x34466a00, 0x34e60000)
    ro space 10240K,  42% used [0x38260000, 0x386a0348, 0x386a0400, 0x38c60000)
    rw space 12288K,  54% used [0x38c60000, 0x392e06f0, 0x392e0800, 0x39860000)
GC Heap History (10 events):
Event: 243.832 GC heap before
{Heap before GC invocations=283 (full 109):
 def new generation   total 12096K, used 10752K [0x24260000, 0x24f80000, 0x297b0000)
  eden space 10752K, 100% used [0x24260000, 0x24ce0000, 0x24ce0000)
  from space 1344K,   0% used [0x24ce0000, 0x24ce0000, 0x24e30000)
  to   space 1344K,   0% used [0x24e30000, 0x24e30000, 0x24f80000)
 tenured generation   total 26780K, used 13524K [0x297b0000, 0x2b1d7000, 0x34260000)
   the space 26780K,  50% used [0x297b0000, 0x2a4e5328, 0x2a4e5400, 0x2b1d7000)
 compacting perm gen  total 12288K, used 2074K [0x34260000, 0x34e60000, 0x38260000)
   the space 12288K,  16% used [0x34260000, 0x34466820, 0x34466a00, 0x34e60000)
    ro space 10240K,  42% used [0x38260000, 0x386a0348, 0x386a0400, 0x38c60000)
    rw space 12288K,  54% used [0x38c60000, 0x392e06f0, 0x392e0800, 0x39860000)
Event: 243.837 GC heap after
Heap after GC invocations=284 (full 109):
 def new generation   total 12096K, used 1344K [0x24260000, 0x24f80000, 0x297b0000)
  eden space 10752K,   0% used [0x24260000, 0x24260000, 0x24ce0000)
  from space 1344K, 100% used [0x24e30000, 0x24f80000, 0x24f80000)
  to   space 1344K,   0% used [0x24ce0000, 0x24ce0000, 0x24e30000)
 tenured generation   total 26780K, used 20346K [0x297b0000, 0x2b1d7000, 0x34260000)
   the space 26780K,  75% used [0x297b0000, 0x2ab8e980, 0x2ab8ea00, 0x2b1d7000)
 compacting perm gen  total 12288K, used 2074K [0x34260000, 0x34e60000, 0x38260000)
   the space 12288K,  16% used [0x34260000, 0x34466820, 0x34466a00, 0x34e60000)
    ro space 10240K,  42% used [0x38260000, 0x386a0348, 0x386a0400, 0x38c60000)
    rw space 12288K,  54% used [0x38c60000, 0x392e06f0, 0x392e0800, 0x39860000)
}
Event: 244.095 GC heap before
{Heap before GC invocations=284 (full 109):
 def new generation   total 12096K, used 12096K [0x24260000, 0x24f80000, 0x297b0000)
  eden space 10752K, 100% used [0x24260000, 0x24ce0000, 0x24ce0000)
  from space 1344K, 100% used [0x24e30000, 0x24f80000, 0x24f80000)
  to   space 1344K,   0% used [0x24ce0000, 0x24ce0000, 0x24e30000)
 tenured generation   total 26780K, used 20346K [0x297b0000, 0x2b1d7000, 0x34260000)
   the space 26780K,  75% used [0x297b0000, 0x2ab8e980, 0x2ab8ea00, 0x2b1d7000)
 compacting perm gen  total 12288K, used 2074K [0x34260000, 0x34e60000, 0x38260000)
   the space 12288K,  16% used [0x34260000, 0x34466820, 0x34466a00, 0x34e60000)
    ro space 10240K,  42% used [0x38260000, 0x386a0348, 0x386a0400, 0x38c60000)
    rw space 12288K,  54% used [0x38c60000, 0x392e06f0, 0x392e0800, 0x39860000)
Event: 244.132 GC heap after
Heap after GC invocations=285 (full 110):
 def new generation   total 12096K, used 0K [0x24260000, 0x24f80000, 0x297b0000)
  eden space 10752K,   0% used [0x24260000, 0x24260000, 0x24ce0000)
  from space 1344K,   0% used [0x24ce0000, 0x24ce0000, 0x24e30000)
  to   space 1344K,   0% used [0x24e30000, 0x24e30000, 0x24f80000)
 tenured generation   total 26780K, used 14129K [0x297b0000, 0x2b1d7000, 0x34260000)
   the space 26780K,  52% used [0x297b0000, 0x2a57c5b0, 0x2a57c600, 0x2b1d7000)
 compacting perm gen  total 12288K, used 2074K [0x34260000, 0x34e60000, 0x38260000)
   the space 12288K,  16% used [0x34260000, 0x34466820, 0x34466a00, 0x34e60000)
    ro space 10240K,  42% used [0x38260000, 0x386a0348, 0x386a0400, 0x38c60000)
    rw space 12288K,  54% used [0x38c60000, 0x392e06f0, 0x392e0800, 0x39860000)
}
Event: 244.638 GC heap before
{Heap before GC invocations=285 (full 110):
 def new generation   total 12096K, used 10752K [0x24260000, 0x24f80000, 0x297b0000)
  eden space 10752K, 100% used [0x24260000, 0x24ce0000, 0x24ce0000)
  from space 1344K,   0% used [0x24ce0000, 0x24ce0000, 0x24e30000)
  to   space 1344K,   0% used [0x24e30000, 0x24e30000, 0x24f80000)
 tenured generation   total 26780K, used 14129K [0x297b0000, 0x2b1d7000, 0x34260000)
   the space 26780K,  52% used [0x297b0000, 0x2a57c5b0, 0x2a57c600, 0x2b1d7000)
 compacting perm gen  total 12288K, used 2074K [0x34260000, 0x34e60000, 0x38260000)
   the space 12288K,  16% used [0x34260000, 0x34466820, 0x34466a00, 0x34e60000)
    ro space 10240K,  42% used [0x38260000, 0x386a0348, 0x386a0400, 0x38c60000)
    rw space 12288K,  54% used [0x38c60000, 0x392e06f0, 0x392e0800, 0x39860000)
Event: 244.643 GC heap after
Heap after GC invocations=286 (full 110):
 def new generation   total 12096K, used 1344K [0x24260000, 0x24f80000, 0x297b0000)
  eden space 10752K,   0% used [0x24260000, 0x24260000, 0x24ce0000)
  from space 1344K, 100% used [0x24e30000, 0x24f80000, 0x24f80000)
  to   space 1344K,   0% used [0x24ce0000, 0x24ce0000, 0x24e30000)
 tenured generation   total 26780K, used 22131K [0x297b0000, 0x2b1d7000, 0x34260000)
   the space 26780K,  82% used [0x297b0000, 0x2ad4cd60, 0x2ad4ce00, 0x2b1d7000)
 compacting perm gen  total 12288K, used 2074K [0x34260000, 0x34e60000, 0x38260000)
   the space 12288K,  16% used [0x34260000, 0x34466820, 0x34466a00, 0x34e60000)
    ro space 10240K,  42% used [0x38260000, 0x386a0348, 0x386a0400, 0x38c60000)
    rw space 12288K,  54% used [0x38c60000, 0x392e06f0, 0x392e0800, 0x39860000)
}
Event: 245.200 GC heap before
{Heap before GC invocations=286 (full 110):
 def new generation   total 12096K, used 12096K [0x24260000, 0x24f80000, 0x297b0000)
  eden space 10752K, 100% used [0x24260000, 0x24ce0000, 0x24ce0000)
  from space 1344K, 100% used [0x24e30000, 0x24f80000, 0x24f80000)
  to   space 1344K,   0% used [0x24ce0000, 0x24ce0000, 0x24e30000)
 tenured generation   total 26780K, used 22131K [0x297b0000, 0x2b1d7000, 0x34260000)
   the space 26780K,  82% used [0x297b0000, 0x2ad4cd60, 0x2ad4ce00, 0x2b1d7000)
 compacting perm gen  total 12288K, used 2074K [0x34260000, 0x34e60000, 0x38260000)
   the space 12288K,  16% used [0x34260000, 0x34466820, 0x34466a00, 0x34e60000)
    ro space 10240K,  42% used [0x38260000, 0x386a0348, 0x386a0400, 0x38c60000)
    rw space 12288K,  54% used [0x38c60000, 0x392e06f0, 0x392e0800, 0x39860000)
Event: 245.242 GC heap after
Heap after GC invocations=287 (full 111):
 def new generation   total 12096K, used 0K [0x24260000, 0x24f80000, 0x297b0000)
  eden space 10752K,   0% used [0x24260000, 0x24260000, 0x24ce0000)
  from space 1344K,   0% used [0x24ce0000, 0x24ce0000, 0x24e30000)
  to   space 1344K,   0% used [0x24e30000, 0x24e30000, 0x24f80000)
 tenured generation   total 26780K, used 15512K [0x297b0000, 0x2b1d7000, 0x34260000)
   the space 26780K,  57% used [0x297b0000, 0x2a6d60a0, 0x2a6d6200, 0x2b1d7000)
 compacting perm gen  total 12288K, used 2074K [0x34260000, 0x34e60000, 0x38260000)
   the space 12288K,  16% used [0x34260000, 0x34466820, 0x34466a00, 0x34e60000)
    ro space 10240K,  42% used [0x38260000, 0x386a0348, 0x386a0400, 0x38c60000)
    rw space 12288K,  54% used [0x38c60000, 0x392e06f0, 0x392e0800, 0x39860000)
}
Event: 245.992 GC heap before
{Heap before GC invocations=287 (full 111):
 def new generation   total 12096K, used 10752K [0x24260000, 0x24f80000, 0x297b0000)
  eden space 10752K, 100% used [0x24260000, 0x24ce0000, 0x24ce0000)
  from space 1344K,   0% used [0x24ce0000, 0x24ce0000, 0x24e30000)
  to   space 1344K,   0% used [0x24e30000, 0x24e30000, 0x24f80000)
 tenured generation   total 26780K, used 15512K [0x297b0000, 0x2b1d7000, 0x34260000)
   the space 26780K,  57% used [0x297b0000, 0x2a6d60a0, 0x2a6d6200, 0x2b1d7000)
 compacting perm gen  total 12288K, used 2074K [0x34260000, 0x34e60000, 0x38260000)
   the space 12288K,  16% used [0x34260000, 0x34466820, 0x34466a00, 0x34e60000)
    ro space 10240K,  42% used [0x38260000, 0x386a0348, 0x386a0400, 0x38c60000)
    rw space 12288K,  54% used [0x38c60000, 0x392e06f0, 0x392e0800, 0x39860000)
Event: 245.998 GC heap after
Heap after GC invocations=288 (full 111):
 def new generation   total 12096K, used 1344K [0x24260000, 0x24f80000, 0x297b0000)
  eden space 10752K,   0% used [0x24260000, 0x24260000, 0x24ce0000)
  from space 1344K, 100% used [0x24e30000, 0x24f80000, 0x24f80000)
  to   space 1344K,   0% used [0x24ce0000, 0x24ce0000, 0x24e30000)
 tenured generation   total 26780K, used 23478K [0x297b0000, 0x2b1d7000, 0x34260000)
   the space 26780K,  87% used [0x297b0000, 0x2ae9d890, 0x2ae9da00, 0x2b1d7000)
 compacting perm gen  total 12288K, used 2074K [0x34260000, 0x34e60000, 0x38260000)
   the space 12288K,  16% used [0x34260000, 0x34466820, 0x34466a00, 0x34e60000)
    ro space 10240K,  42% used [0x38260000, 0x386a0348, 0x386a0400, 0x38c60000)
    rw space 12288K,  54% used [0x38c60000, 0x392e06f0, 0x392e0800, 0x39860000)
}

