# JRE version: 7.0_09-b05
# Java VM: Java HotSpot(TM) Client VM (23.5-b02 mixed mode, sharing windows-x86 )
Heap
 def new generation   total 11776K, used 9070K [0x24260000, 0x24f20000, 0x297b0000)
  eden space 10496K,  74% used [0x24260000, 0x249fb820, 0x24ca0000)
  from space 1280K, 100% used [0x24de0000, 0x24f20000, 0x24f20000)
  to   space 1280K,   0% used [0x24ca0000, 0x24ca0000, 0x24de0000)
 tenured generation   total 25972K, used 19267K [0x297b0000, 0x2b10d000, 0x34260000)
   the space 25972K,  74% used [0x297b0000, 0x2aa80f68, 0x2aa81000, 0x2b10d000)
 compacting perm gen  total 12288K, used 2074K [0x34260000, 0x34e60000, 0x38260000)
   the space 12288K,  16% used [0x34260000, 0x34466840, 0x34466a00, 0x34e60000)
    ro space 10240K,  42% used [0x38260000, 0x386a0348, 0x386a0400, 0x38c60000)
    rw space 12288K,  54% used [0x38c60000, 0x392e06f0, 0x392e0800, 0x39860000)
GC Heap History (10 events):
Event: 206.339 GC heap before
{Heap before GC invocations=188 (full 72):
 def new generation   total 11776K, used 10496K [0x24260000, 0x24f20000, 0x297b0000)
  eden space 10496K, 100% used [0x24260000, 0x24ca0000, 0x24ca0000)
  from space 1280K,   0% used [0x24ca0000, 0x24ca0000, 0x24de0000)
  to   space 1280K,   0% used [0x24de0000, 0x24de0000, 0x24f20000)
 tenured generation   total 25972K, used 13142K [0x297b0000, 0x2b10d000, 0x34260000)
   the space 25972K,  50% used [0x297b0000, 0x2a485898, 0x2a485a00, 0x2b10d000)
 compacting perm gen  total 12288K, used 2074K [0x34260000, 0x34e60000, 0x38260000)
   the space 12288K,  16% used [0x34260000, 0x34466800, 0x34466800, 0x34e60000)
    ro space 10240K,  42% used [0x38260000, 0x386a0348, 0x386a0400, 0x38c60000)
    rw space 12288K,  54% used [0x38c60000, 0x392e06f0, 0x392e0800, 0x39860000)
Event: 206.343 GC heap after
Heap after GC invocations=189 (full 72):
 def new generation   total 11776K, used 1280K [0x24260000, 0x24f20000, 0x297b0000)
  eden space 10496K,   0% used [0x24260000, 0x24260000, 0x24ca0000)
  from space 1280K, 100% used [0x24de0000, 0x24f20000, 0x24f20000)
  to   space 1280K,   0% used [0x24ca0000, 0x24ca0000, 0x24de0000)
 tenured generation   total 25972K, used 19794K [0x297b0000, 0x2b10d000, 0x34260000)
   the space 25972K,  76% used [0x297b0000, 0x2ab049a8, 0x2ab04a00, 0x2b10d000)
 compacting perm gen  total 12288K, used 2074K [0x34260000, 0x34e60000, 0x38260000)
   the space 12288K,  16% used [0x34260000, 0x34466800, 0x34466800, 0x34e60000)
    ro space 10240K,  42% used [0x38260000, 0x386a0348, 0x386a0400, 0x38c60000)
    rw space 12288K,  54% used [0x38c60000, 0x392e06f0, 0x392e0800, 0x39860000)
}
Event: 206.712 GC heap before
{Heap before GC invocations=189 (full 72):
 def new generation   total 11776K, used 11776K [0x24260000, 0x24f20000, 0x297b0000)
  eden space 10496K, 100% used [0x24260000, 0x24ca0000, 0x24ca0000)
  from space 1280K, 100% used [0x24de0000, 0x24f20000, 0x24f20000)
  to   space 1280K,   0% used [0x24ca0000, 0x24ca0000, 0x24de0000)
 tenured generation   total 25972K, used 19794K [0x297b0000, 0x2b10d000, 0x34260000)
   the space 25972K,  76% used [0x297b0000, 0x2ab049a8, 0x2ab04a00, 0x2b10d000)
 compacting perm gen  total 12288K, used 2074K [0x34260000, 0x34e60000, 0x38260000)
   the space 12288K,  16% used [0x34260000, 0x34466800, 0x34466800, 0x34e60000)
    ro space 10240K,  42% used [0x38260000, 0x386a0348, 0x386a0400, 0x38c60000)
    rw space 12288K,  54% used [0x38c60000, 0x392e06f0, 0x392e0800, 0x39860000)
Event: 206.749 GC heap after
Heap after GC invocations=190 (full 73):
 def new generation   total 11776K, used 0K [0x24260000, 0x24f20000, 0x297b0000)
  eden space 10496K,   0% used [0x24260000, 0x24260000, 0x24ca0000)
  from space 1280K,   0% used [0x24ca0000, 0x24ca0000, 0x24de0000)
  to   space 1280K,   0% used [0x24de0000, 0x24de0000, 0x24f20000)
 tenured generation   total 25972K, used 13983K [0x297b0000, 0x2b10d000, 0x34260000)
   the space 25972K,  53% used [0x297b0000, 0x2a557c88, 0x2a557e00, 0x2b10d000)
 compacting perm gen  total 12288K, used 2074K [0x34260000, 0x34e60000, 0x38260000)
   the space 12288K,  16% used [0x34260000, 0x34466800, 0x34466800, 0x34e60000)
    ro space 10240K,  42% used [0x38260000, 0x386a0348, 0x386a0400, 0x38c60000)
    rw space 12288K,  54% used [0x38c60000, 0x392e06f0, 0x392e0800, 0x39860000)
}
Event: 207.227 GC heap before
{Heap before GC invocations=190 (full 73):
 def new generation   total 11776K, used 10496K [0x24260000, 0x24f20000, 0x297b0000)
  eden space 10496K, 100% used [0x24260000, 0x24ca0000, 0x24ca0000)
  from space 1280K,   0% used [0x24ca0000, 0x24ca0000, 0x24de0000)
  to   space 1280K,   0% used [0x24de0000, 0x24de0000, 0x24f20000)
 tenured generation   total 25972K, used 13983K [0x297b0000, 0x2b10d000, 0x34260000)
   the space 25972K,  53% used [0x297b0000, 0x2a557c88, 0x2a557e00, 0x2b10d000)
 compacting perm gen  total 12288K, used 2074K [0x34260000, 0x34e60000, 0x38260000)
   the space 12288K,  16% used [0x34260000, 0x34466800, 0x34466800, 0x34e60000)
    ro space 10240K,  42% used [0x38260000, 0x386a0348, 0x386a0400, 0x38c60000)
    rw space 12288K,  54% used [0x38c60000, 0x392e06f0, 0x392e0800, 0x39860000)
Event: 207.232 GC heap after
Heap after GC invocations=191 (full 73):
 def new generation   total 11776K, used 1280K [0x24260000, 0x24f20000, 0x297b0000)
  eden space 10496K,   0% used [0x24260000, 0x24260000, 0x24ca0000)
  from space 1280K, 100% used [0x24de0000, 0x24f20000, 0x24f20000)
  to   space 1280K,   0% used [0x24ca0000, 0x24ca0000, 0x24de0000)
 tenured generation   total 25972K, used 21836K [0x297b0000, 0x2b10d000, 0x34260000)
   the space 25972K,  84% used [0x297b0000, 0x2ad03250, 0x2ad03400, 0x2b10d000)
 compacting perm gen  total 12288K, used 2074K [0x34260000, 0x34e60000, 0x38260000)
   the space 12288K,  16% used [0x34260000, 0x34466800, 0x34466800, 0x34e60000)
    ro space 10240K,  42% used [0x38260000, 0x386a0348, 0x386a0400, 0x38c60000)
    rw space 12288K,  54% used [0x38c60000, 0x392e06f0, 0x392e0800, 0x39860000)
}
Event: 208.473 GC heap before
{Heap before GC invocations=191 (full 73):
 def new generation   total 11776K, used 11776K [0x24260000, 0x24f20000, 0x297b0000)
  eden space 10496K, 100% used [0x24260000, 0x24ca0000, 0x24ca0000)
  from space 1280K, 100% used [0x24de0000, 0x24f20000, 0x24f20000)
  to   space 1280K,   0% used [0x24ca0000, 0x24ca0000, 0x24de0000)
 tenured generation   total 25972K, used 21836K [0x297b0000, 0x2b10d000, 0x34260000)
   the space 25972K,  84% used [0x297b0000, 0x2ad03250, 0x2ad03400, 0x2b10d000)
 compacting perm gen  total 12288K, used 2074K [0x34260000, 0x34e60000, 0x38260000)
   the space 12288K,  16% used [0x34260000, 0x34466800, 0x34466800, 0x34e60000)
    ro space 10240K,  42% used [0x38260000, 0x386a0348, 0x386a0400, 0x38c60000)
    rw space 12288K,  54% used [0x38c60000, 0x392e06f0, 0x392e0800, 0x39860000)
Event: 208.513 GC heap after
Heap after GC invocations=192 (full 74):
 def new generation   total 11776K, used 0K [0x24260000, 0x24f20000, 0x297b0000)
  eden space 10496K,   0% used [0x24260000, 0x24260000, 0x24ca0000)
  from space 1280K,   0% used [0x24ca0000, 0x24ca0000, 0x24de0000)
  to   space 1280K,   0% used [0x24de0000, 0x24de0000, 0x24f20000)
 tenured generation   total 25972K, used 15113K [0x297b0000, 0x2b10d000, 0x34260000)
   the space 25972K,  58% used [0x297b0000, 0x2a6727c0, 0x2a672800, 0x2b10d000)
 compacting perm gen  total 12288K, used 2074K [0x34260000, 0x34e60000, 0x38260000)
   the space 12288K,  16% used [0x34260000, 0x34466800, 0x34466800, 0x34e60000)
    ro space 10240K,  42% used [0x38260000, 0x386a0348, 0x386a0400, 0x38c60000)
    rw space 12288K,  54% used [0x38c60000, 0x392e06f0, 0x392e0800, 0x39860000)
}
Event: 215.088 GC heap before
{Heap before GC invocations=192 (full 74):
 def new generation   total 11776K, used 10407K [0x24260000, 0x24f20000, 0x297b0000)
  eden space 10496K,  99% used [0x24260000, 0x24c89ce0, 0x24ca0000)
  from space 1280K,   0% used [0x24ca0000, 0x24ca0000, 0x24de0000)
  to   space 1280K,   0% used [0x24de0000, 0x24de0000, 0x24f20000)
 tenured generation   total 25972K, used 15113K [0x297b0000, 0x2b10d000, 0x34260000)
   the space 25972K,  58% used [0x297b0000, 0x2a6727c0, 0x2a672800, 0x2b10d000)
 compacting perm gen  total 12288K, used 2074K [0x34260000, 0x34e60000, 0x38260000)
   the space 12288K,  16% used [0x34260000, 0x34466840, 0x34466a00, 0x34e60000)
    ro space 10240K,  42% used [0x38260000, 0x386a0348, 0x386a0400, 0x38c60000)
    rw space 12288K,  54% used [0x38c60000, 0x392e06f0, 0x392e0800, 0x39860000)
Event: 215.091 GC heap after
Heap after GC invocations=193 (full 74):
 def new generation   total 11776K, used 1280K [0x24260000, 0x24f20000, 0x297b0000)
  eden space 10496K,   0% used [0x24260000, 0x24260000, 0x24ca0000)
  from space 1280K, 100% used [0x24de0000, 0x24f20000, 0x24f20000)
  to   space 1280K,   0% used [0x24ca0000, 0x24ca0000, 0x24de0000)
 tenured generation   total 25972K, used 19267K [0x297b0000, 0x2b10d000, 0x34260000)
   the space 25972K,  74% used [0x297b0000, 0x2aa80f68, 0x2aa81000, 0x2b10d000)
 compacting perm gen  total 12288K, used 2074K [0x34260000, 0x34e60000, 0x38260000)
   the space 12288K,  16% used [0x34260000, 0x34466840, 0x34466a00, 0x34e60000)
    ro space 10240K,  42% used [0x38260000, 0x386a0348, 0x386a0400, 0x38c60000)
    rw space 12288K,  54% used [0x38c60000, 0x392e06f0, 0x392e0800, 0x39860000)
}

