# JRE version: 7.0_09-b05
# Java VM: Java HotSpot(TM) Client VM (23.5-b02 mixed mode, sharing windows-x86 )
Heap
 def new generation   total 78656K, used 16949K [0x24260000, 0x297b0000, 0x297b0000)
  eden space 69952K,  24% used [0x24260000, 0x252ed7c8, 0x286b0000)
  from space 8704K,   0% used [0x286b0000, 0x286b0000, 0x28f30000)
  to   space 8704K,   0% used [0x28f30000, 0x28f30000, 0x297b0000)
 tenured generation   total 174784K, used 126679K [0x297b0000, 0x34260000, 0x34260000)
   the space 174784K,  72% used [0x297b0000, 0x31365f80, 0x31366000, 0x34260000)
 compacting perm gen  total 12288K, used 2083K [0x34260000, 0x34e60000, 0x38260000)
   the space 12288K,  16% used [0x34260000, 0x34468de8, 0x34468e00, 0x34e60000)
    ro space 10240K,  42% used [0x38260000, 0x386a0348, 0x386a0400, 0x38c60000)
    rw space 12288K,  54% used [0x38c60000, 0x392e06f0, 0x392e0800, 0x39860000)
GC Heap History (10 events):
Event: 42.953 GC heap before
{Heap before GC invocations=13 (full 4):
 def new generation   total 34240K, used 34239K [0x24260000, 0x26780000, 0x297b0000)
  eden space 30464K, 100% used [0x24260000, 0x26020000, 0x26020000)
  from space 3776K,  99% used [0x263d0000, 0x2677ffe8, 0x26780000)
  to   space 3776K,   0% used [0x26020000, 0x26020000, 0x263d0000)
 tenured generation   total 75908K, used 72215K [0x297b0000, 0x2e1d1000, 0x34260000)
   the space 75908K,  95% used [0x297b0000, 0x2de35d30, 0x2de35e00, 0x2e1d1000)
 compacting perm gen  total 12288K, used 2083K [0x34260000, 0x34e60000, 0x38260000)
   the space 12288K,  16% used [0x34260000, 0x34468d68, 0x34468e00, 0x34e60000)
    ro space 10240K,  42% used [0x38260000, 0x386a0348, 0x386a0400, 0x38c60000)
    rw space 12288K,  54% used [0x38c60000, 0x392e06f0, 0x392e0800, 0x39860000)
Event: 43.375 GC heap after
Heap after GC invocations=14 (full 5):
 def new generation   total 51328K, used 0K [0x24260000, 0x27a10000, 0x297b0000)
  eden space 45632K,   0% used [0x24260000, 0x24260000, 0x26ef0000)
  from space 5696K,   0% used [0x26ef0000, 0x26ef0000, 0x27480000)
  to   space 5696K,   0% used [0x27480000, 0x27480000, 0x27a10000)
 tenured generation   total 113976K, used 68383K [0x297b0000, 0x306fe000, 0x34260000)
   the space 113976K,  59% used [0x297b0000, 0x2da77d40, 0x2da77e00, 0x306fe000)
 compacting perm gen  total 12288K, used 2083K [0x34260000, 0x34e60000, 0x38260000)
   the space 12288K,  16% used [0x34260000, 0x34468d68, 0x34468e00, 0x34e60000)
    ro space 10240K,  42% used [0x38260000, 0x386a0348, 0x386a0400, 0x38c60000)
    rw space 12288K,  54% used [0x38c60000, 0x392e06f0, 0x392e0800, 0x39860000)
}
Event: 44.563 GC heap before
{Heap before GC invocations=14 (full 5):
 def new generation   total 51328K, used 45632K [0x24260000, 0x27a10000, 0x297b0000)
  eden space 45632K, 100% used [0x24260000, 0x26ef0000, 0x26ef0000)
  from space 5696K,   0% used [0x26ef0000, 0x26ef0000, 0x27480000)
  to   space 5696K,   0% used [0x27480000, 0x27480000, 0x27a10000)
 tenured generation   total 113976K, used 68383K [0x297b0000, 0x306fe000, 0x34260000)
   the space 113976K,  59% used [0x297b0000, 0x2da77d40, 0x2da77e00, 0x306fe000)
 compacting perm gen  total 12288K, used 2083K [0x34260000, 0x34e60000, 0x38260000)
   the space 12288K,  16% used [0x34260000, 0x34468d68, 0x34468e00, 0x34e60000)
    ro space 10240K,  42% used [0x38260000, 0x386a0348, 0x386a0400, 0x38c60000)
    rw space 12288K,  54% used [0x38c60000, 0x392e06f0, 0x392e0800, 0x39860000)
Event: 44.712 GC heap after
Heap after GC invocations=15 (full 5):
 def new generation   total 51328K, used 5695K [0x24260000, 0x27a10000, 0x297b0000)
  eden space 45632K,   0% used [0x24260000, 0x24260000, 0x26ef0000)
  from space 5696K,  99% used [0x27480000, 0x27a0fff8, 0x27a10000)
  to   space 5696K,   0% used [0x26ef0000, 0x26ef0000, 0x27480000)
 tenured generation   total 113976K, used 108310K [0x297b0000, 0x306fe000, 0x34260000)
   the space 113976K,  95% used [0x297b0000, 0x301759b0, 0x30175a00, 0x306fe000)
 compacting perm gen  total 12288K, used 2083K [0x34260000, 0x34e60000, 0x38260000)
   the space 12288K,  16% used [0x34260000, 0x34468d68, 0x34468e00, 0x34e60000)
    ro space 10240K,  42% used [0x38260000, 0x386a0348, 0x386a0400, 0x38c60000)
    rw space 12288K,  54% used [0x38c60000, 0x392e06f0, 0x392e0800, 0x39860000)
}
Event: 52.844 GC heap before
{Heap before GC invocations=15 (full 5):
 def new generation   total 51328K, used 51327K [0x24260000, 0x27a10000, 0x297b0000)
  eden space 45632K, 100% used [0x24260000, 0x26ef0000, 0x26ef0000)
  from space 5696K,  99% used [0x27480000, 0x27a0fff8, 0x27a10000)
  to   space 5696K,   0% used [0x26ef0000, 0x26ef0000, 0x27480000)
 tenured generation   total 113976K, used 108310K [0x297b0000, 0x306fe000, 0x34260000)
   the space 113976K,  95% used [0x297b0000, 0x301759b0, 0x30175a00, 0x306fe000)
 compacting perm gen  total 12288K, used 2083K [0x34260000, 0x34e60000, 0x38260000)
   the space 12288K,  16% used [0x34260000, 0x34468dc8, 0x34468e00, 0x34e60000)
    ro space 10240K,  42% used [0x38260000, 0x386a0348, 0x386a0400, 0x38c60000)
    rw space 12288K,  54% used [0x38c60000, 0x392e06f0, 0x392e0800, 0x39860000)
Event: 53.522 GC heap after
Heap after GC invocations=16 (full 6):
 def new generation   total 70144K, used 0K [0x24260000, 0x28e70000, 0x297b0000)
  eden space 62400K,   0% used [0x24260000, 0x24260000, 0x27f50000)
  from space 7744K,   0% used [0x27f50000, 0x27f50000, 0x286e0000)
  to   space 7744K,   0% used [0x286e0000, 0x286e0000, 0x28e70000)
 tenured generation   total 155752K, used 93450K [0x297b0000, 0x32fca000, 0x34260000)
   the space 155752K,  59% used [0x297b0000, 0x2f2f2bc8, 0x2f2f2c00, 0x32fca000)
 compacting perm gen  total 12288K, used 2083K [0x34260000, 0x34e60000, 0x38260000)
   the space 12288K,  16% used [0x34260000, 0x34468dc8, 0x34468e00, 0x34e60000)
    ro space 10240K,  42% used [0x38260000, 0x386a0348, 0x386a0400, 0x38c60000)
    rw space 12288K,  54% used [0x38c60000, 0x392e06f0, 0x392e0800, 0x39860000)
}
Event: 56.000 GC heap before
{Heap before GC invocations=16 (full 6):
 def new generation   total 70144K, used 62400K [0x24260000, 0x28e70000, 0x297b0000)
  eden space 62400K, 100% used [0x24260000, 0x27f50000, 0x27f50000)
  from space 7744K,   0% used [0x27f50000, 0x27f50000, 0x286e0000)
  to   space 7744K,   0% used [0x286e0000, 0x286e0000, 0x28e70000)
 tenured generation   total 155752K, used 93450K [0x297b0000, 0x32fca000, 0x34260000)
   the space 155752K,  59% used [0x297b0000, 0x2f2f2bc8, 0x2f2f2c00, 0x32fca000)
 compacting perm gen  total 12288K, used 2083K [0x34260000, 0x34e60000, 0x38260000)
   the space 12288K,  16% used [0x34260000, 0x34468de8, 0x34468e00, 0x34e60000)
    ro space 10240K,  42% used [0x38260000, 0x386a0348, 0x386a0400, 0x38c60000)
    rw space 12288K,  54% used [0x38c60000, 0x392e06f0, 0x392e0800, 0x39860000)
Event: 56.226 GC heap after
Heap after GC invocations=17 (full 6):
 def new generation   total 70144K, used 7744K [0x24260000, 0x28e70000, 0x297b0000)
  eden space 62400K,   0% used [0x24260000, 0x24260000, 0x27f50000)
  from space 7744K, 100% used [0x286e0000, 0x28e70000, 0x28e70000)
  to   space 7744K,   0% used [0x27f50000, 0x27f50000, 0x286e0000)
 tenured generation   total 155752K, used 147958K [0x297b0000, 0x32fca000, 0x34260000)
   the space 155752K,  94% used [0x297b0000, 0x3282da70, 0x3282dc00, 0x32fca000)
 compacting perm gen  total 12288K, used 2083K [0x34260000, 0x34e60000, 0x38260000)
   the space 12288K,  16% used [0x34260000, 0x34468de8, 0x34468e00, 0x34e60000)
    ro space 10240K,  42% used [0x38260000, 0x386a0348, 0x386a0400, 0x38c60000)
    rw space 12288K,  54% used [0x38c60000, 0x392e06f0, 0x392e0800, 0x39860000)
}
Event: 64.671 GC heap before
{Heap before GC invocations=17 (full 6):
 def new generation   total 70144K, used 70144K [0x24260000, 0x28e70000, 0x297b0000)
  eden space 62400K, 100% used [0x24260000, 0x27f50000, 0x27f50000)
  from space 7744K, 100% used [0x286e0000, 0x28e70000, 0x28e70000)
  to   space 7744K,   0% used [0x27f50000, 0x27f50000, 0x286e0000)
 tenured generation   total 155752K, used 147958K [0x297b0000, 0x32fca000, 0x34260000)
   the space 155752K,  94% used [0x297b0000, 0x3282da70, 0x3282dc00, 0x32fca000)
 compacting perm gen  total 12288K, used 2083K [0x34260000, 0x34e60000, 0x38260000)
   the space 12288K,  16% used [0x34260000, 0x34468de8, 0x34468e00, 0x34e60000)
    ro space 10240K,  42% used [0x38260000, 0x386a0348, 0x386a0400, 0x38c60000)
    rw space 12288K,  54% used [0x38c60000, 0x392e06f0, 0x392e0800, 0x39860000)
Event: 65.331 GC heap after
Heap after GC invocations=18 (full 7):
 def new generation   total 78656K, used 0K [0x24260000, 0x297b0000, 0x297b0000)
  eden space 69952K,   0% used [0x24260000, 0x24260000, 0x286b0000)
  from space 8704K,   0% used [0x286b0000, 0x286b0000, 0x28f30000)
  to   space 8704K,   0% used [0x28f30000, 0x28f30000, 0x297b0000)
 tenured generation   total 174784K, used 126679K [0x297b0000, 0x34260000, 0x34260000)
   the space 174784K,  72% used [0x297b0000, 0x31365f80, 0x31366000, 0x34260000)
 compacting perm gen  total 12288K, used 2083K [0x34260000, 0x34e60000, 0x38260000)
   the space 12288K,  16% used [0x34260000, 0x34468de8, 0x34468e00, 0x34e60000)
    ro space 10240K,  42% used [0x38260000, 0x386a0348, 0x386a0400, 0x38c60000)
    rw space 12288K,  54% used [0x38c60000, 0x392e06f0, 0x392e0800, 0x39860000)
}

