# JRE version: 7.0_09-b05
# Java VM: Java HotSpot(TM) Client VM (23.5-b02 mixed mode, sharing windows-x86 )
Heap
 def new generation   total 11904K, used 6325K [0x24260000, 0x24f40000, 0x297b0000)
  eden space 10624K,  59% used [0x24260000, 0x2488d558, 0x24cc0000)
  from space 1280K,   0% used [0x24e00000, 0x24e00000, 0x24f40000)
  to   space 1280K,   0% used [0x24cc0000, 0x24cc0000, 0x24e00000)
 tenured generation   total 26340K, used 13172K [0x297b0000, 0x2b169000, 0x34260000)
   the space 26340K,  50% used [0x297b0000, 0x2a48d2d8, 0x2a48d400, 0x2b169000)
 compacting perm gen  total 12288K, used 2152K [0x34260000, 0x34e60000, 0x38260000)
   the space 12288K,  17% used [0x34260000, 0x3447a2f0, 0x3447a400, 0x34e60000)
    ro space 10240K,  42% used [0x38260000, 0x386a0348, 0x386a0400, 0x38c60000)
    rw space 12288K,  54% used [0x38c60000, 0x392e06f0, 0x392e0800, 0x39860000)
GC Heap History (10 events):
Event: 155.727 GC heap before
{Heap before GC invocations=152 (full 57):
 def new generation   total 11904K, used 11904K [0x24260000, 0x24f40000, 0x297b0000)
  eden space 10624K, 100% used [0x24260000, 0x24cc0000, 0x24cc0000)
  from space 1280K, 100% used [0x24cc0000, 0x24e00000, 0x24e00000)
  to   space 1280K,   0% used [0x24e00000, 0x24e00000, 0x24f40000)
 tenured generation   total 26340K, used 23395K [0x297b0000, 0x2b169000, 0x34260000)
   the space 26340K,  88% used [0x297b0000, 0x2ae88ed0, 0x2ae89000, 0x2b169000)
 compacting perm gen  total 12288K, used 2152K [0x34260000, 0x34e60000, 0x38260000)
   the space 12288K,  17% used [0x34260000, 0x3447a2f0, 0x3447a400, 0x34e60000)
    ro space 10240K,  42% used [0x38260000, 0x386a0348, 0x386a0400, 0x38c60000)
    rw space 12288K,  54% used [0x38c60000, 0x392e06f0, 0x392e0800, 0x39860000)
Event: 155.766 GC heap after
Heap after GC invocations=153 (full 58):
 def new generation   total 11904K, used 0K [0x24260000, 0x24f40000, 0x297b0000)
  eden space 10624K,   0% used [0x24260000, 0x24260000, 0x24cc0000)
  from space 1280K,   0% used [0x24e00000, 0x24e00000, 0x24f40000)
  to   space 1280K,   0% used [0x24cc0000, 0x24cc0000, 0x24e00000)
 tenured generation   total 26340K, used 13176K [0x297b0000, 0x2b169000, 0x34260000)
   the space 26340K,  50% used [0x297b0000, 0x2a48e030, 0x2a48e200, 0x2b169000)
 compacting perm gen  total 12288K, used 2152K [0x34260000, 0x34e60000, 0x38260000)
   the space 12288K,  17% used [0x34260000, 0x3447a2f0, 0x3447a400, 0x34e60000)
    ro space 10240K,  42% used [0x38260000, 0x386a0348, 0x386a0400, 0x38c60000)
    rw space 12288K,  54% used [0x38c60000, 0x392e06f0, 0x392e0800, 0x39860000)
}
Event: 156.147 GC heap before
{Heap before GC invocations=153 (full 58):
 def new generation   total 11904K, used 10489K [0x24260000, 0x24f40000, 0x297b0000)
  eden space 10624K,  98% used [0x24260000, 0x24c9e7b8, 0x24cc0000)
  from space 1280K,   0% used [0x24e00000, 0x24e00000, 0x24f40000)
  to   space 1280K,   0% used [0x24cc0000, 0x24cc0000, 0x24e00000)
 tenured generation   total 26340K, used 13176K [0x297b0000, 0x2b169000, 0x34260000)
   the space 26340K,  50% used [0x297b0000, 0x2a48e030, 0x2a48e200, 0x2b169000)
 compacting perm gen  total 12288K, used 2152K [0x34260000, 0x34e60000, 0x38260000)
   the space 12288K,  17% used [0x34260000, 0x3447a2f0, 0x3447a400, 0x34e60000)
    ro space 10240K,  42% used [0x38260000, 0x386a0348, 0x386a0400, 0x38c60000)
    rw space 12288K,  54% used [0x38c60000, 0x392e06f0, 0x392e0800, 0x39860000)
Event: 156.151 GC heap after
Heap after GC invocations=154 (full 58):
 def new generation   total 11904K, used 1280K [0x24260000, 0x24f40000, 0x297b0000)
  eden space 10624K,   0% used [0x24260000, 0x24260000, 0x24cc0000)
  from space 1280K, 100% used [0x24cc0000, 0x24e00000, 0x24e00000)
  to   space 1280K,   0% used [0x24e00000, 0x24e00000, 0x24f40000)
 tenured generation   total 26340K, used 19780K [0x297b0000, 0x2b169000, 0x34260000)
   the space 26340K,  75% used [0x297b0000, 0x2ab01298, 0x2ab01400, 0x2b169000)
 compacting perm gen  total 12288K, used 2152K [0x34260000, 0x34e60000, 0x38260000)
   the space 12288K,  17% used [0x34260000, 0x3447a2f0, 0x3447a400, 0x34e60000)
    ro space 10240K,  42% used [0x38260000, 0x386a0348, 0x386a0400, 0x38c60000)
    rw space 12288K,  54% used [0x38c60000, 0x392e06f0, 0x392e0800, 0x39860000)
}
Event: 156.521 GC heap before
{Heap before GC invocations=154 (full 58):
 def new generation   total 11904K, used 11904K [0x24260000, 0x24f40000, 0x297b0000)
  eden space 10624K, 100% used [0x24260000, 0x24cc0000, 0x24cc0000)
  from space 1280K, 100% used [0x24cc0000, 0x24e00000, 0x24e00000)
  to   space 1280K,   0% used [0x24e00000, 0x24e00000, 0x24f40000)
 tenured generation   total 26340K, used 19780K [0x297b0000, 0x2b169000, 0x34260000)
   the space 26340K,  75% used [0x297b0000, 0x2ab01298, 0x2ab01400, 0x2b169000)
 compacting perm gen  total 12288K, used 2152K [0x34260000, 0x34e60000, 0x38260000)
   the space 12288K,  17% used [0x34260000, 0x3447a2f0, 0x3447a400, 0x34e60000)
    ro space 10240K,  42% used [0x38260000, 0x386a0348, 0x386a0400, 0x38c60000)
    rw space 12288K,  54% used [0x38c60000, 0x392e06f0, 0x392e0800, 0x39860000)
Event: 156.561 GC heap after
Heap after GC invocations=155 (full 59):
 def new generation   total 11904K, used 0K [0x24260000, 0x24f40000, 0x297b0000)
  eden space 10624K,   0% used [0x24260000, 0x24260000, 0x24cc0000)
  from space 1280K,   0% used [0x24e00000, 0x24e00000, 0x24f40000)
  to   space 1280K,   0% used [0x24cc0000, 0x24cc0000, 0x24e00000)
 tenured generation   total 26340K, used 13909K [0x297b0000, 0x2b169000, 0x34260000)
   the space 26340K,  52% used [0x297b0000, 0x2a545688, 0x2a545800, 0x2b169000)
 compacting perm gen  total 12288K, used 2152K [0x34260000, 0x34e60000, 0x38260000)
   the space 12288K,  17% used [0x34260000, 0x3447a2f0, 0x3447a400, 0x34e60000)
    ro space 10240K,  42% used [0x38260000, 0x386a0348, 0x386a0400, 0x38c60000)
    rw space 12288K,  54% used [0x38c60000, 0x392e06f0, 0x392e0800, 0x39860000)
}
Event: 157.003 GC heap before
{Heap before GC invocations=155 (full 59):
 def new generation   total 11904K, used 10624K [0x24260000, 0x24f40000, 0x297b0000)
  eden space 10624K, 100% used [0x24260000, 0x24cc0000, 0x24cc0000)
  from space 1280K,   0% used [0x24e00000, 0x24e00000, 0x24f40000)
  to   space 1280K,   0% used [0x24cc0000, 0x24cc0000, 0x24e00000)
 tenured generation   total 26340K, used 13909K [0x297b0000, 0x2b169000, 0x34260000)
   the space 26340K,  52% used [0x297b0000, 0x2a545688, 0x2a545800, 0x2b169000)
 compacting perm gen  total 12288K, used 2152K [0x34260000, 0x34e60000, 0x38260000)
   the space 12288K,  17% used [0x34260000, 0x3447a2f0, 0x3447a400, 0x34e60000)
    ro space 10240K,  42% used [0x38260000, 0x386a0348, 0x386a0400, 0x38c60000)
    rw space 12288K,  54% used [0x38c60000, 0x392e06f0, 0x392e0800, 0x39860000)
Event: 157.007 GC heap after
Heap after GC invocations=156 (full 59):
 def new generation   total 11904K, used 1280K [0x24260000, 0x24f40000, 0x297b0000)
  eden space 10624K,   0% used [0x24260000, 0x24260000, 0x24cc0000)
  from space 1280K, 100% used [0x24cc0000, 0x24e00000, 0x24e00000)
  to   space 1280K,   0% used [0x24e00000, 0x24e00000, 0x24f40000)
 tenured generation   total 26340K, used 20737K [0x297b0000, 0x2b169000, 0x34260000)
   the space 26340K,  78% used [0x297b0000, 0x2abf0518, 0x2abf0600, 0x2b169000)
 compacting perm gen  total 12288K, used 2152K [0x34260000, 0x34e60000, 0x38260000)
   the space 12288K,  17% used [0x34260000, 0x3447a2f0, 0x3447a400, 0x34e60000)
    ro space 10240K,  42% used [0x38260000, 0x386a0348, 0x386a0400, 0x38c60000)
    rw space 12288K,  54% used [0x38c60000, 0x392e06f0, 0x392e0800, 0x39860000)
}
Event: 161.462 GC heap before
{Heap before GC invocations=156 (full 59):
 def new generation   total 11904K, used 11723K [0x24260000, 0x24f40000, 0x297b0000)
  eden space 10624K,  98% used [0x24260000, 0x24c92e00, 0x24cc0000)
  from space 1280K, 100% used [0x24cc0000, 0x24e00000, 0x24e00000)
  to   space 1280K,   0% used [0x24e00000, 0x24e00000, 0x24f40000)
 tenured generation   total 26340K, used 20737K [0x297b0000, 0x2b169000, 0x34260000)
   the space 26340K,  78% used [0x297b0000, 0x2abf0518, 0x2abf0600, 0x2b169000)
 compacting perm gen  total 12288K, used 2152K [0x34260000, 0x34e60000, 0x38260000)
   the space 12288K,  17% used [0x34260000, 0x3447a2f0, 0x3447a400, 0x34e60000)
    ro space 10240K,  42% used [0x38260000, 0x386a0348, 0x386a0400, 0x38c60000)
    rw space 12288K,  54% used [0x38c60000, 0x392e06f0, 0x392e0800, 0x39860000)
Event: 161.500 GC heap after
Heap after GC invocations=157 (full 60):
 def new generation   total 11904K, used 0K [0x24260000, 0x24f40000, 0x297b0000)
  eden space 10624K,   0% used [0x24260000, 0x24260000, 0x24cc0000)
  from space 1280K,   0% used [0x24e00000, 0x24e00000, 0x24f40000)
  to   space 1280K,   0% used [0x24cc0000, 0x24cc0000, 0x24e00000)
 tenured generation   total 26340K, used 13172K [0x297b0000, 0x2b169000, 0x34260000)
   the space 26340K,  50% used [0x297b0000, 0x2a48d2d8, 0x2a48d400, 0x2b169000)
 compacting perm gen  total 12288K, used 2152K [0x34260000, 0x34e60000, 0x38260000)
   the space 12288K,  17% used [0x34260000, 0x3447a2f0, 0x3447a400, 0x34e60000)
    ro space 10240K,  42% used [0x38260000, 0x386a0348, 0x386a0400, 0x38c60000)
    rw space 12288K,  54% used [0x38c60000, 0x392e06f0, 0x392e0800, 0x39860000)
}

