# JRE version: 7.0_09-b05
# Java VM: Java HotSpot(TM) Client VM (23.5-b02 mixed mode, sharing windows-x86 )
Heap
 def new generation   total 78656K, used 23812K [0x24260000, 0x297b0000, 0x297b0000)
  eden space 69952K,  34% used [0x24260000, 0x259a1180, 0x286b0000)
  from space 8704K,   0% used [0x286b0000, 0x286b0000, 0x28f30000)
  to   space 8704K,   0% used [0x28f30000, 0x28f30000, 0x297b0000)
 tenured generation   total 174784K, used 123005K [0x297b0000, 0x34260000, 0x34260000)
   the space 174784K,  70% used [0x297b0000, 0x30fcf6c0, 0x30fcf800, 0x34260000)
 compacting perm gen  total 12288K, used 2083K [0x34260000, 0x34e60000, 0x38260000)
   the space 12288K,  16% used [0x34260000, 0x34468de0, 0x34468e00, 0x34e60000)
    ro space 10240K,  42% used [0x38260000, 0x386a0348, 0x386a0400, 0x38c60000)
    rw space 12288K,  54% used [0x38c60000, 0x392e06f0, 0x392e0800, 0x39860000)
GC Heap History (10 events):
Event: 21.018 GC heap before
{Heap before GC invocations=13 (full 4):
 def new generation   total 33344K, used 33343K [0x24260000, 0x26680000, 0x297b0000)
  eden space 29696K, 100% used [0x24260000, 0x25f60000, 0x25f60000)
  from space 3648K,  99% used [0x262f0000, 0x2667fff0, 0x26680000)
  to   space 3648K,   0% used [0x25f60000, 0x25f60000, 0x262f0000)
 tenured generation   total 73952K, used 70401K [0x297b0000, 0x2dfe8000, 0x34260000)
   the space 73952K,  95% used [0x297b0000, 0x2dc707e8, 0x2dc70800, 0x2dfe8000)
 compacting perm gen  total 12288K, used 2083K [0x34260000, 0x34e60000, 0x38260000)
   the space 12288K,  16% used [0x34260000, 0x34468d60, 0x34468e00, 0x34e60000)
    ro space 10240K,  42% used [0x38260000, 0x386a0348, 0x386a0400, 0x38c60000)
    rw space 12288K,  54% used [0x38c60000, 0x392e06f0, 0x392e0800, 0x39860000)
Event: 21.435 GC heap after
Heap after GC invocations=14 (full 5):
 def new generation   total 50240K, used 0K [0x24260000, 0x278e0000, 0x297b0000)
  eden space 44672K,   0% used [0x24260000, 0x24260000, 0x26e00000)
  from space 5568K,   0% used [0x26e00000, 0x26e00000, 0x27370000)
  to   space 5568K,   0% used [0x27370000, 0x27370000, 0x278e0000)
 tenured generation   total 111544K, used 66924K [0x297b0000, 0x3049e000, 0x34260000)
   the space 111544K,  59% used [0x297b0000, 0x2d90b1d0, 0x2d90b200, 0x3049e000)
 compacting perm gen  total 12288K, used 2083K [0x34260000, 0x34e60000, 0x38260000)
   the space 12288K,  16% used [0x34260000, 0x34468d60, 0x34468e00, 0x34e60000)
    ro space 10240K,  42% used [0x38260000, 0x386a0348, 0x386a0400, 0x38c60000)
    rw space 12288K,  54% used [0x38c60000, 0x392e06f0, 0x392e0800, 0x39860000)
}
Event: 22.610 GC heap before
{Heap before GC invocations=14 (full 5):
 def new generation   total 50240K, used 44672K [0x24260000, 0x278e0000, 0x297b0000)
  eden space 44672K, 100% used [0x24260000, 0x26e00000, 0x26e00000)
  from space 5568K,   0% used [0x26e00000, 0x26e00000, 0x27370000)
  to   space 5568K,   0% used [0x27370000, 0x27370000, 0x278e0000)
 tenured generation   total 111544K, used 66924K [0x297b0000, 0x3049e000, 0x34260000)
   the space 111544K,  59% used [0x297b0000, 0x2d90b1d0, 0x2d90b200, 0x3049e000)
 compacting perm gen  total 12288K, used 2083K [0x34260000, 0x34e60000, 0x38260000)
   the space 12288K,  16% used [0x34260000, 0x34468d60, 0x34468e00, 0x34e60000)
    ro space 10240K,  42% used [0x38260000, 0x386a0348, 0x386a0400, 0x38c60000)
    rw space 12288K,  54% used [0x38c60000, 0x392e06f0, 0x392e0800, 0x39860000)
Event: 22.768 GC heap after
Heap after GC invocations=15 (full 5):
 def new generation   total 50240K, used 5568K [0x24260000, 0x278e0000, 0x297b0000)
  eden space 44672K,   0% used [0x24260000, 0x24260000, 0x26e00000)
  from space 5568K, 100% used [0x27370000, 0x278e0000, 0x278e0000)
  to   space 5568K,   0% used [0x26e00000, 0x26e00000, 0x27370000)
 tenured generation   total 111544K, used 106020K [0x297b0000, 0x3049e000, 0x34260000)
   the space 111544K,  95% used [0x297b0000, 0x2ff390b0, 0x2ff39200, 0x3049e000)
 compacting perm gen  total 12288K, used 2083K [0x34260000, 0x34e60000, 0x38260000)
   the space 12288K,  16% used [0x34260000, 0x34468d60, 0x34468e00, 0x34e60000)
    ro space 10240K,  42% used [0x38260000, 0x386a0348, 0x386a0400, 0x38c60000)
    rw space 12288K,  54% used [0x38c60000, 0x392e06f0, 0x392e0800, 0x39860000)
}
Event: 24.215 GC heap before
{Heap before GC invocations=15 (full 5):
 def new generation   total 50240K, used 50240K [0x24260000, 0x278e0000, 0x297b0000)
  eden space 44672K, 100% used [0x24260000, 0x26e00000, 0x26e00000)
  from space 5568K, 100% used [0x27370000, 0x278e0000, 0x278e0000)
  to   space 5568K,   0% used [0x26e00000, 0x26e00000, 0x27370000)
 tenured generation   total 111544K, used 106020K [0x297b0000, 0x3049e000, 0x34260000)
   the space 111544K,  95% used [0x297b0000, 0x2ff390b0, 0x2ff39200, 0x3049e000)
 compacting perm gen  total 12288K, used 2083K [0x34260000, 0x34e60000, 0x38260000)
   the space 12288K,  16% used [0x34260000, 0x34468dc0, 0x34468e00, 0x34e60000)
    ro space 10240K,  42% used [0x38260000, 0x386a0348, 0x386a0400, 0x38c60000)
    rw space 12288K,  54% used [0x38c60000, 0x392e06f0, 0x392e0800, 0x39860000)
Event: 24.788 GC heap after
Heap after GC invocations=16 (full 6):
 def new generation   total 68608K, used 0K [0x24260000, 0x28cd0000, 0x297b0000)
  eden space 60992K,   0% used [0x24260000, 0x24260000, 0x27df0000)
  from space 7616K,   0% used [0x27df0000, 0x27df0000, 0x28560000)
  to   space 7616K,   0% used [0x28560000, 0x28560000, 0x28cd0000)
 tenured generation   total 152308K, used 91384K [0x297b0000, 0x32c6d000, 0x34260000)
   the space 152308K,  59% used [0x297b0000, 0x2f0ee2f0, 0x2f0ee400, 0x32c6d000)
 compacting perm gen  total 12288K, used 2083K [0x34260000, 0x34e60000, 0x38260000)
   the space 12288K,  16% used [0x34260000, 0x34468dc0, 0x34468e00, 0x34e60000)
    ro space 10240K,  42% used [0x38260000, 0x386a0348, 0x386a0400, 0x38c60000)
    rw space 12288K,  54% used [0x38c60000, 0x392e06f0, 0x392e0800, 0x39860000)
}
Event: 27.363 GC heap before
{Heap before GC invocations=16 (full 6):
 def new generation   total 68608K, used 60992K [0x24260000, 0x28cd0000, 0x297b0000)
  eden space 60992K, 100% used [0x24260000, 0x27df0000, 0x27df0000)
  from space 7616K,   0% used [0x27df0000, 0x27df0000, 0x28560000)
  to   space 7616K,   0% used [0x28560000, 0x28560000, 0x28cd0000)
 tenured generation   total 152308K, used 91384K [0x297b0000, 0x32c6d000, 0x34260000)
   the space 152308K,  59% used [0x297b0000, 0x2f0ee2f0, 0x2f0ee400, 0x32c6d000)
 compacting perm gen  total 12288K, used 2083K [0x34260000, 0x34e60000, 0x38260000)
   the space 12288K,  16% used [0x34260000, 0x34468de0, 0x34468e00, 0x34e60000)
    ro space 10240K,  42% used [0x38260000, 0x386a0348, 0x386a0400, 0x38c60000)
    rw space 12288K,  54% used [0x38c60000, 0x392e06f0, 0x392e0800, 0x39860000)
Event: 27.579 GC heap after
Heap after GC invocations=17 (full 6):
 def new generation   total 68608K, used 7615K [0x24260000, 0x28cd0000, 0x297b0000)
  eden space 60992K,   0% used [0x24260000, 0x24260000, 0x27df0000)
  from space 7616K,  99% used [0x28560000, 0x28ccfff8, 0x28cd0000)
  to   space 7616K,   0% used [0x27df0000, 0x27df0000, 0x28560000)
 tenured generation   total 152308K, used 144614K [0x297b0000, 0x32c6d000, 0x34260000)
   the space 152308K,  94% used [0x297b0000, 0x324e99b0, 0x324e9a00, 0x32c6d000)
 compacting perm gen  total 12288K, used 2083K [0x34260000, 0x34e60000, 0x38260000)
   the space 12288K,  16% used [0x34260000, 0x34468de0, 0x34468e00, 0x34e60000)
    ro space 10240K,  42% used [0x38260000, 0x386a0348, 0x386a0400, 0x38c60000)
    rw space 12288K,  54% used [0x38c60000, 0x392e06f0, 0x392e0800, 0x39860000)
}
Event: 29.090 GC heap before
{Heap before GC invocations=17 (full 6):
 def new generation   total 68608K, used 68607K [0x24260000, 0x28cd0000, 0x297b0000)
  eden space 60992K, 100% used [0x24260000, 0x27df0000, 0x27df0000)
  from space 7616K,  99% used [0x28560000, 0x28ccfff8, 0x28cd0000)
  to   space 7616K,   0% used [0x27df0000, 0x27df0000, 0x28560000)
 tenured generation   total 152308K, used 144614K [0x297b0000, 0x32c6d000, 0x34260000)
   the space 152308K,  94% used [0x297b0000, 0x324e99b0, 0x324e9a00, 0x32c6d000)
 compacting perm gen  total 12288K, used 2083K [0x34260000, 0x34e60000, 0x38260000)
   the space 12288K,  16% used [0x34260000, 0x34468de0, 0x34468e00, 0x34e60000)
    ro space 10240K,  42% used [0x38260000, 0x386a0348, 0x386a0400, 0x38c60000)
    rw space 12288K,  54% used [0x38c60000, 0x392e06f0, 0x392e0800, 0x39860000)
Event: 29.655 GC heap after
Heap after GC invocations=18 (full 7):
 def new generation   total 78656K, used 0K [0x24260000, 0x297b0000, 0x297b0000)
  eden space 69952K,   0% used [0x24260000, 0x24260000, 0x286b0000)
  from space 8704K,   0% used [0x286b0000, 0x286b0000, 0x28f30000)
  to   space 8704K,   0% used [0x28f30000, 0x28f30000, 0x297b0000)
 tenured generation   total 174784K, used 123005K [0x297b0000, 0x34260000, 0x34260000)
   the space 174784K,  70% used [0x297b0000, 0x30fcf6c0, 0x30fcf800, 0x34260000)
 compacting perm gen  total 12288K, used 2083K [0x34260000, 0x34e60000, 0x38260000)
   the space 12288K,  16% used [0x34260000, 0x34468de0, 0x34468e00, 0x34e60000)
    ro space 10240K,  42% used [0x38260000, 0x386a0348, 0x386a0400, 0x38c60000)
    rw space 12288K,  54% used [0x38c60000, 0x392e06f0, 0x392e0800, 0x39860000)
}

