# JRE version: 7.0_09-b05
# Java VM: Java HotSpot(TM) Client VM (23.5-b02 mixed mode, sharing windows-x86 )
Heap
 def new generation   total 12736K, used 4729K [0x24260000, 0x25030000, 0x297b0000)
  eden space 11328K,  29% used [0x24260000, 0x2459e688, 0x24d70000)
  from space 1408K, 100% used [0x24ed0000, 0x25030000, 0x25030000)
  to   space 1408K,   0% used [0x24d70000, 0x24d70000, 0x24ed0000)
 tenured generation   total 28192K, used 28069K [0x297b0000, 0x2b338000, 0x34260000)
   the space 28192K,  99% used [0x297b0000, 0x2b319738, 0x2b319800, 0x2b338000)
 compacting perm gen  total 12288K, used 2074K [0x34260000, 0x34e60000, 0x38260000)
   the space 12288K,  16% used [0x34260000, 0x34466800, 0x34466800, 0x34e60000)
    ro space 10240K,  42% used [0x38260000, 0x386a0348, 0x386a0400, 0x38c60000)
    rw space 12288K,  54% used [0x38c60000, 0x392e06f0, 0x392e0800, 0x39860000)
GC Heap History (10 events):
Event: 295.200 GC heap before
{Heap before GC invocations=224 (full 85):
 def new generation   total 12736K, used 12736K [0x24260000, 0x25030000, 0x297b0000)
  eden space 11328K, 100% used [0x24260000, 0x24d70000, 0x24d70000)
  from space 1408K, 100% used [0x24d70000, 0x24ed0000, 0x24ed0000)
  to   space 1408K,   0% used [0x24ed0000, 0x24ed0000, 0x25030000)
 tenured generation   total 28192K, used 27240K [0x297b0000, 0x2b338000, 0x34260000)
   the space 28192K,  96% used [0x297b0000, 0x2b24a068, 0x2b24a200, 0x2b338000)
 compacting perm gen  total 12288K, used 2073K [0x34260000, 0x34e60000, 0x38260000)
   the space 12288K,  16% used [0x34260000, 0x344667d0, 0x34466800, 0x34e60000)
    ro space 10240K,  42% used [0x38260000, 0x386a0348, 0x386a0400, 0x38c60000)
    rw space 12288K,  54% used [0x38c60000, 0x392e06f0, 0x392e0800, 0x39860000)
Event: 295.243 GC heap after
Heap after GC invocations=225 (full 86):
 def new generation   total 12736K, used 0K [0x24260000, 0x25030000, 0x297b0000)
  eden space 11328K,   0% used [0x24260000, 0x24260000, 0x24d70000)
  from space 1408K,   0% used [0x24ed0000, 0x24ed0000, 0x25030000)
  to   space 1408K,   0% used [0x24d70000, 0x24d70000, 0x24ed0000)
 tenured generation   total 28192K, used 14824K [0x297b0000, 0x2b338000, 0x34260000)
   the space 28192K,  52% used [0x297b0000, 0x2a62a190, 0x2a62a200, 0x2b338000)
 compacting perm gen  total 12288K, used 2073K [0x34260000, 0x34e60000, 0x38260000)
   the space 12288K,  16% used [0x34260000, 0x344667d0, 0x34466800, 0x34e60000)
    ro space 10240K,  42% used [0x38260000, 0x386a0348, 0x386a0400, 0x38c60000)
    rw space 12288K,  54% used [0x38c60000, 0x392e06f0, 0x392e0800, 0x39860000)
}
Event: 295.879 GC heap before
{Heap before GC invocations=225 (full 86):
 def new generation   total 12736K, used 11328K [0x24260000, 0x25030000, 0x297b0000)
  eden space 11328K, 100% used [0x24260000, 0x24d70000, 0x24d70000)
  from space 1408K,   0% used [0x24ed0000, 0x24ed0000, 0x25030000)
  to   space 1408K,   0% used [0x24d70000, 0x24d70000, 0x24ed0000)
 tenured generation   total 28192K, used 14824K [0x297b0000, 0x2b338000, 0x34260000)
   the space 28192K,  52% used [0x297b0000, 0x2a62a190, 0x2a62a200, 0x2b338000)
 compacting perm gen  total 12288K, used 2073K [0x34260000, 0x34e60000, 0x38260000)
   the space 12288K,  16% used [0x34260000, 0x344667d0, 0x34466800, 0x34e60000)
    ro space 10240K,  42% used [0x38260000, 0x386a0348, 0x386a0400, 0x38c60000)
    rw space 12288K,  54% used [0x38c60000, 0x392e06f0, 0x392e0800, 0x39860000)
Event: 295.884 GC heap after
Heap after GC invocations=226 (full 86):
 def new generation   total 12736K, used 1408K [0x24260000, 0x25030000, 0x297b0000)
  eden space 11328K,   0% used [0x24260000, 0x24260000, 0x24d70000)
  from space 1408K, 100% used [0x24d70000, 0x24ed0000, 0x24ed0000)
  to   space 1408K,   0% used [0x24ed0000, 0x24ed0000, 0x25030000)
 tenured generation   total 28192K, used 22152K [0x297b0000, 0x2b338000, 0x34260000)
   the space 28192K,  78% used [0x297b0000, 0x2ad522f8, 0x2ad52400, 0x2b338000)
 compacting perm gen  total 12288K, used 2073K [0x34260000, 0x34e60000, 0x38260000)
   the space 12288K,  16% used [0x34260000, 0x344667d0, 0x34466800, 0x34e60000)
    ro space 10240K,  42% used [0x38260000, 0x386a0348, 0x386a0400, 0x38c60000)
    rw space 12288K,  54% used [0x38c60000, 0x392e06f0, 0x392e0800, 0x39860000)
}
Event: 296.463 GC heap before
{Heap before GC invocations=226 (full 86):
 def new generation   total 12736K, used 12736K [0x24260000, 0x25030000, 0x297b0000)
  eden space 11328K, 100% used [0x24260000, 0x24d70000, 0x24d70000)
  from space 1408K, 100% used [0x24d70000, 0x24ed0000, 0x24ed0000)
  to   space 1408K,   0% used [0x24ed0000, 0x24ed0000, 0x25030000)
 tenured generation   total 28192K, used 22152K [0x297b0000, 0x2b338000, 0x34260000)
   the space 28192K,  78% used [0x297b0000, 0x2ad522f8, 0x2ad52400, 0x2b338000)
 compacting perm gen  total 12288K, used 2073K [0x34260000, 0x34e60000, 0x38260000)
   the space 12288K,  16% used [0x34260000, 0x344667d0, 0x34466800, 0x34e60000)
    ro space 10240K,  42% used [0x38260000, 0x386a0348, 0x386a0400, 0x38c60000)
    rw space 12288K,  54% used [0x38c60000, 0x392e06f0, 0x392e0800, 0x39860000)
Event: 296.504 GC heap after
Heap after GC invocations=227 (full 87):
 def new generation   total 12736K, used 0K [0x24260000, 0x25030000, 0x297b0000)
  eden space 11328K,   0% used [0x24260000, 0x24260000, 0x24d70000)
  from space 1408K,   0% used [0x24ed0000, 0x24ed0000, 0x25030000)
  to   space 1408K,   0% used [0x24d70000, 0x24d70000, 0x24ed0000)
 tenured generation   total 28192K, used 14698K [0x297b0000, 0x2b338000, 0x34260000)
   the space 28192K,  52% used [0x297b0000, 0x2a60aa50, 0x2a60ac00, 0x2b338000)
 compacting perm gen  total 12288K, used 2073K [0x34260000, 0x34e60000, 0x38260000)
   the space 12288K,  16% used [0x34260000, 0x344667d0, 0x34466800, 0x34e60000)
    ro space 10240K,  42% used [0x38260000, 0x386a0348, 0x386a0400, 0x38c60000)
    rw space 12288K,  54% used [0x38c60000, 0x392e06f0, 0x392e0800, 0x39860000)
}
Event: 298.073 GC heap before
{Heap before GC invocations=227 (full 87):
 def new generation   total 12736K, used 11328K [0x24260000, 0x25030000, 0x297b0000)
  eden space 11328K, 100% used [0x24260000, 0x24d70000, 0x24d70000)
  from space 1408K,   0% used [0x24ed0000, 0x24ed0000, 0x25030000)
  to   space 1408K,   0% used [0x24d70000, 0x24d70000, 0x24ed0000)
 tenured generation   total 28192K, used 14698K [0x297b0000, 0x2b338000, 0x34260000)
   the space 28192K,  52% used [0x297b0000, 0x2a60aa50, 0x2a60ac00, 0x2b338000)
 compacting perm gen  total 12288K, used 2073K [0x34260000, 0x34e60000, 0x38260000)
   the space 12288K,  16% used [0x34260000, 0x344667d0, 0x34466800, 0x34e60000)
    ro space 10240K,  42% used [0x38260000, 0x386a0348, 0x386a0400, 0x38c60000)
    rw space 12288K,  54% used [0x38c60000, 0x392e06f0, 0x392e0800, 0x39860000)
Event: 298.078 GC heap after
Heap after GC invocations=228 (full 87):
 def new generation   total 12736K, used 1408K [0x24260000, 0x25030000, 0x297b0000)
  eden space 11328K,   0% used [0x24260000, 0x24260000, 0x24d70000)
  from space 1408K, 100% used [0x24d70000, 0x24ed0000, 0x24ed0000)
  to   space 1408K,   0% used [0x24ed0000, 0x24ed0000, 0x25030000)
 tenured generation   total 28192K, used 21904K [0x297b0000, 0x2b338000, 0x34260000)
   the space 28192K,  77% used [0x297b0000, 0x2ad142b0, 0x2ad14400, 0x2b338000)
 compacting perm gen  total 12288K, used 2073K [0x34260000, 0x34e60000, 0x38260000)
   the space 12288K,  16% used [0x34260000, 0x344667d0, 0x34466800, 0x34e60000)
    ro space 10240K,  42% used [0x38260000, 0x386a0348, 0x386a0400, 0x38c60000)
    rw space 12288K,  54% used [0x38c60000, 0x392e06f0, 0x392e0800, 0x39860000)
}
Event: 339.563 GC heap before
{Heap before GC invocations=228 (full 87):
 def new generation   total 12736K, used 12736K [0x24260000, 0x25030000, 0x297b0000)
  eden space 11328K, 100% used [0x24260000, 0x24d70000, 0x24d70000)
  from space 1408K, 100% used [0x24d70000, 0x24ed0000, 0x24ed0000)
  to   space 1408K,   0% used [0x24ed0000, 0x24ed0000, 0x25030000)
 tenured generation   total 28192K, used 21904K [0x297b0000, 0x2b338000, 0x34260000)
   the space 28192K,  77% used [0x297b0000, 0x2ad142b0, 0x2ad14400, 0x2b338000)
 compacting perm gen  total 12288K, used 2074K [0x34260000, 0x34e60000, 0x38260000)
   the space 12288K,  16% used [0x34260000, 0x34466800, 0x34466800, 0x34e60000)
    ro space 10240K,  42% used [0x38260000, 0x386a0348, 0x386a0400, 0x38c60000)
    rw space 12288K,  54% used [0x38c60000, 0x392e06f0, 0x392e0800, 0x39860000)
Event: 339.568 GC heap after
Heap after GC invocations=229 (full 87):
 def new generation   total 12736K, used 1408K [0x24260000, 0x25030000, 0x297b0000)
  eden space 11328K,   0% used [0x24260000, 0x24260000, 0x24d70000)
  from space 1408K, 100% used [0x24ed0000, 0x25030000, 0x25030000)
  to   space 1408K,   0% used [0x24d70000, 0x24d70000, 0x24ed0000)
 tenured generation   total 28192K, used 28069K [0x297b0000, 0x2b338000, 0x34260000)
   the space 28192K,  99% used [0x297b0000, 0x2b319738, 0x2b319800, 0x2b338000)
 compacting perm gen  total 12288K, used 2074K [0x34260000, 0x34e60000, 0x38260000)
   the space 12288K,  16% used [0x34260000, 0x34466800, 0x34466800, 0x34e60000)
    ro space 10240K,  42% used [0x38260000, 0x386a0348, 0x386a0400, 0x38c60000)
    rw space 12288K,  54% used [0x38c60000, 0x392e06f0, 0x392e0800, 0x39860000)
}

