# JRE version: 7.0_09-b05
# Java VM: Java HotSpot(TM) Client VM (23.5-b02 mixed mode, sharing windows-x86 )
Heap
 def new generation   total 69632K, used 58992K [0x24260000, 0x28de0000, 0x297b0000)
  eden space 61952K,  82% used [0x24260000, 0x2747c178, 0x27ee0000)
  from space 7680K,  99% used [0x28660000, 0x28ddfff0, 0x28de0000)
  to   space 7680K,   0% used [0x27ee0000, 0x27ee0000, 0x28660000)
 tenured generation   total 154592K, used 146888K [0x297b0000, 0x32ea8000, 0x34260000)
   the space 154592K,  95% used [0x297b0000, 0x32722398, 0x32722400, 0x32ea8000)
 compacting perm gen  total 12288K, used 2084K [0x34260000, 0x34e60000, 0x38260000)
   the space 12288K,  16% used [0x34260000, 0x344691c0, 0x34469200, 0x34e60000)
    ro space 10240K,  42% used [0x38260000, 0x386a0348, 0x386a0400, 0x38c60000)
    rw space 12288K,  54% used [0x38c60000, 0x392e06f0, 0x392e0800, 0x39860000)
GC Heap History (10 events):
Event: 21.990 GC heap before
{Heap before GC invocations=13 (full 4):
 def new generation   total 38528K, used 34304K [0x24260000, 0x26c20000, 0x297b0000)
  eden space 34304K, 100% used [0x24260000, 0x263e0000, 0x263e0000)
  from space 4224K,   0% used [0x263e0000, 0x263e0000, 0x26800000)
  to   space 4224K,   0% used [0x26800000, 0x26800000, 0x26c20000)
 tenured generation   total 85400K, used 51238K [0x297b0000, 0x2eb16000, 0x34260000)
   the space 85400K,  59% used [0x297b0000, 0x2c9b9ab0, 0x2c9b9c00, 0x2eb16000)
 compacting perm gen  total 12288K, used 2084K [0x34260000, 0x34e60000, 0x38260000)
   the space 12288K,  16% used [0x34260000, 0x34469130, 0x34469200, 0x34e60000)
    ro space 10240K,  42% used [0x38260000, 0x386a0348, 0x386a0400, 0x38c60000)
    rw space 12288K,  54% used [0x38c60000, 0x392e06f0, 0x392e0800, 0x39860000)
Event: 22.108 GC heap after
Heap after GC invocations=14 (full 4):
 def new generation   total 38528K, used 4223K [0x24260000, 0x26c20000, 0x297b0000)
  eden space 34304K,   0% used [0x24260000, 0x24260000, 0x263e0000)
  from space 4224K,  99% used [0x26800000, 0x26c1fff0, 0x26c20000)
  to   space 4224K,   0% used [0x263e0000, 0x263e0000, 0x26800000)
 tenured generation   total 85400K, used 81316K [0x297b0000, 0x2eb16000, 0x34260000)
   the space 85400K,  95% used [0x297b0000, 0x2e719028, 0x2e719200, 0x2eb16000)
 compacting perm gen  total 12288K, used 2084K [0x34260000, 0x34e60000, 0x38260000)
   the space 12288K,  16% used [0x34260000, 0x34469130, 0x34469200, 0x34e60000)
    ro space 10240K,  42% used [0x38260000, 0x386a0348, 0x386a0400, 0x38c60000)
    rw space 12288K,  54% used [0x38c60000, 0x392e06f0, 0x392e0800, 0x39860000)
}
Event: 23.278 GC heap before
{Heap before GC invocations=14 (full 4):
 def new generation   total 38528K, used 38527K [0x24260000, 0x26c20000, 0x297b0000)
  eden space 34304K, 100% used [0x24260000, 0x263e0000, 0x263e0000)
  from space 4224K,  99% used [0x26800000, 0x26c1fff0, 0x26c20000)
  to   space 4224K,   0% used [0x263e0000, 0x263e0000, 0x26800000)
 tenured generation   total 85400K, used 81316K [0x297b0000, 0x2eb16000, 0x34260000)
   the space 85400K,  95% used [0x297b0000, 0x2e719028, 0x2e719200, 0x2eb16000)
 compacting perm gen  total 12288K, used 2084K [0x34260000, 0x34e60000, 0x38260000)
   the space 12288K,  16% used [0x34260000, 0x34469140, 0x34469200, 0x34e60000)
    ro space 10240K,  42% used [0x38260000, 0x386a0348, 0x386a0400, 0x38c60000)
    rw space 12288K,  54% used [0x38c60000, 0x392e06f0, 0x392e0800, 0x39860000)
Event: 23.745 GC heap after
Heap after GC invocations=15 (full 5):
 def new generation   total 51840K, used 0K [0x24260000, 0x27a90000, 0x297b0000)
  eden space 46144K,   0% used [0x24260000, 0x24260000, 0x26f70000)
  from space 5696K,   0% used [0x26f70000, 0x26f70000, 0x27500000)
  to   space 5696K,   0% used [0x27500000, 0x27500000, 0x27a90000)
 tenured generation   total 114992K, used 68994K [0x297b0000, 0x307fc000, 0x34260000)
   the space 114992K,  59% used [0x297b0000, 0x2db10870, 0x2db10a00, 0x307fc000)
 compacting perm gen  total 12288K, used 2084K [0x34260000, 0x34e60000, 0x38260000)
   the space 12288K,  16% used [0x34260000, 0x34469140, 0x34469200, 0x34e60000)
    ro space 10240K,  42% used [0x38260000, 0x386a0348, 0x386a0400, 0x38c60000)
    rw space 12288K,  54% used [0x38c60000, 0x392e06f0, 0x392e0800, 0x39860000)
}
Event: 25.691 GC heap before
{Heap before GC invocations=15 (full 5):
 def new generation   total 51840K, used 46144K [0x24260000, 0x27a90000, 0x297b0000)
  eden space 46144K, 100% used [0x24260000, 0x26f70000, 0x26f70000)
  from space 5696K,   0% used [0x26f70000, 0x26f70000, 0x27500000)
  to   space 5696K,   0% used [0x27500000, 0x27500000, 0x27a90000)
 tenured generation   total 114992K, used 68994K [0x297b0000, 0x307fc000, 0x34260000)
   the space 114992K,  59% used [0x297b0000, 0x2db10870, 0x2db10a00, 0x307fc000)
 compacting perm gen  total 12288K, used 2084K [0x34260000, 0x34e60000, 0x38260000)
   the space 12288K,  16% used [0x34260000, 0x344691a0, 0x34469200, 0x34e60000)
    ro space 10240K,  42% used [0x38260000, 0x386a0348, 0x386a0400, 0x38c60000)
    rw space 12288K,  54% used [0x38c60000, 0x392e06f0, 0x392e0800, 0x39860000)
Event: 25.875 GC heap after
Heap after GC invocations=16 (full 5):
 def new generation   total 51840K, used 5695K [0x24260000, 0x27a90000, 0x297b0000)
  eden space 46144K,   0% used [0x24260000, 0x24260000, 0x26f70000)
  from space 5696K,  99% used [0x27500000, 0x27a8ffe8, 0x27a90000)
  to   space 5696K,   0% used [0x26f70000, 0x26f70000, 0x27500000)
 tenured generation   total 114992K, used 109260K [0x297b0000, 0x307fc000, 0x34260000)
   the space 114992K,  95% used [0x297b0000, 0x30263190, 0x30263200, 0x307fc000)
 compacting perm gen  total 12288K, used 2084K [0x34260000, 0x34e60000, 0x38260000)
   the space 12288K,  16% used [0x34260000, 0x344691a0, 0x34469200, 0x34e60000)
    ro space 10240K,  42% used [0x38260000, 0x386a0348, 0x386a0400, 0x38c60000)
    rw space 12288K,  54% used [0x38c60000, 0x392e06f0, 0x392e0800, 0x39860000)
}
Event: 27.185 GC heap before
{Heap before GC invocations=16 (full 5):
 def new generation   total 51840K, used 51839K [0x24260000, 0x27a90000, 0x297b0000)
  eden space 46144K, 100% used [0x24260000, 0x26f70000, 0x26f70000)
  from space 5696K,  99% used [0x27500000, 0x27a8ffe8, 0x27a90000)
  to   space 5696K,   0% used [0x26f70000, 0x26f70000, 0x27500000)
 tenured generation   total 114992K, used 109260K [0x297b0000, 0x307fc000, 0x34260000)
   the space 114992K,  95% used [0x297b0000, 0x30263190, 0x30263200, 0x307fc000)
 compacting perm gen  total 12288K, used 2084K [0x34260000, 0x34e60000, 0x38260000)
   the space 12288K,  16% used [0x34260000, 0x344691c0, 0x34469200, 0x34e60000)
    ro space 10240K,  42% used [0x38260000, 0x386a0348, 0x386a0400, 0x38c60000)
    rw space 12288K,  54% used [0x38c60000, 0x392e06f0, 0x392e0800, 0x39860000)
Event: 27.851 GC heap after
Heap after GC invocations=17 (full 6):
 def new generation   total 69632K, used 0K [0x24260000, 0x28de0000, 0x297b0000)
  eden space 61952K,   0% used [0x24260000, 0x24260000, 0x27ee0000)
  from space 7680K,   0% used [0x27ee0000, 0x27ee0000, 0x28660000)
  to   space 7680K,   0% used [0x28660000, 0x28660000, 0x28de0000)
 tenured generation   total 154592K, used 92754K [0x297b0000, 0x32ea8000, 0x34260000)
   the space 154592K,  59% used [0x297b0000, 0x2f244960, 0x2f244a00, 0x32ea8000)
 compacting perm gen  total 12288K, used 2084K [0x34260000, 0x34e60000, 0x38260000)
   the space 12288K,  16% used [0x34260000, 0x344691c0, 0x34469200, 0x34e60000)
    ro space 10240K,  42% used [0x38260000, 0x386a0348, 0x386a0400, 0x38c60000)
    rw space 12288K,  54% used [0x38c60000, 0x392e06f0, 0x392e0800, 0x39860000)
}
Event: 30.047 GC heap before
{Heap before GC invocations=17 (full 6):
 def new generation   total 69632K, used 61952K [0x24260000, 0x28de0000, 0x297b0000)
  eden space 61952K, 100% used [0x24260000, 0x27ee0000, 0x27ee0000)
  from space 7680K,   0% used [0x27ee0000, 0x27ee0000, 0x28660000)
  to   space 7680K,   0% used [0x28660000, 0x28660000, 0x28de0000)
 tenured generation   total 154592K, used 92754K [0x297b0000, 0x32ea8000, 0x34260000)
   the space 154592K,  59% used [0x297b0000, 0x2f244960, 0x2f244a00, 0x32ea8000)
 compacting perm gen  total 12288K, used 2084K [0x34260000, 0x34e60000, 0x38260000)
   the space 12288K,  16% used [0x34260000, 0x344691c0, 0x34469200, 0x34e60000)
    ro space 10240K,  42% used [0x38260000, 0x386a0348, 0x386a0400, 0x38c60000)
    rw space 12288K,  54% used [0x38c60000, 0x392e06f0, 0x392e0800, 0x39860000)
Event: 30.303 GC heap after
Heap after GC invocations=18 (full 6):
 def new generation   total 69632K, used 7679K [0x24260000, 0x28de0000, 0x297b0000)
  eden space 61952K,   0% used [0x24260000, 0x24260000, 0x27ee0000)
  from space 7680K,  99% used [0x28660000, 0x28ddfff0, 0x28de0000)
  to   space 7680K,   0% used [0x27ee0000, 0x27ee0000, 0x28660000)
 tenured generation   total 154592K, used 146888K [0x297b0000, 0x32ea8000, 0x34260000)
   the space 154592K,  95% used [0x297b0000, 0x32722398, 0x32722400, 0x32ea8000)
 compacting perm gen  total 12288K, used 2084K [0x34260000, 0x34e60000, 0x38260000)
   the space 12288K,  16% used [0x34260000, 0x344691c0, 0x34469200, 0x34e60000)
    ro space 10240K,  42% used [0x38260000, 0x386a0348, 0x386a0400, 0x38c60000)
    rw space 12288K,  54% used [0x38c60000, 0x392e06f0, 0x392e0800, 0x39860000)
}

